{"logTime": "0316/173614", "correlationVector":"kI6P8js+Qbsru9DSI7ZKWb.1","action":"SyncServerConnectionManagerRequest", "result":"SYNC_SERVER_OK", "context":{"environment":"Prod_southeastasia_prod-s01-064-apac-southeastasia", "migrationStage":"NotStarted", "server":"akswtt005000055"}}
{"logTime": "0316/173614", "correlationVector":"kI6P8js+Qbsru9DSI7ZKWb.2","action":"ProcessGetUpdates", "result":"Done", "context":{"dataType":"Encryption Keys", "deleted":"0", "process_failed_to_decrypt":"0", "process_pending_decryption":"0", "process_success":"1", "total":"1"}}
{"logTime": "0316/173614", "correlationVector":"kI6P8js+Qbsru9DSI7ZKWb","action":"Initial GetUpdates", "result":"", "context":Reason: NEW_CLIENT. cV=kI6P8js+Qbsru9DSI7ZKWb}
{"logTime": "0316/173614", "correlationVector":"kI6P8js+Qbsru9DSI7ZKWb.3","action":"GetUpdates Response", "result":"Success", "context":Received 1 update(s). cV=kI6P8js+Qbsru9DSI7ZKWb.0;server=akswtt005000055;cloudType=Consumer;environment=Prod_southeastasia_prod-s01-064-apac-southeastasia;migrationStage=NotStarted}
{"logTime": "0316/173614", "correlationVector":"Ejc2hmOsm+04w0ctY3p45W","action":"Initial GetUpdates", "result":"", "context":Reason: NEW_CLIENT. cV=Ejc2hmOsm+04w0ctY3p45W}
{"logTime": "0316/173614", "correlationVector":"Ejc2hmOsm+04w0ctY3p45W.1","action":"SyncServerConnectionManagerRequest", "result":"SYNC_SERVER_OK", "context":{"environment":"Prod_southeastasia_prod-s01-064-apac-southeastasia", "migrationStage":"NotStarted", "server":"akswtt005000034"}}
{"logTime": "0316/173614", "correlationVector":"Ejc2hmOsm+04w0ctY3p45W.2","action":"ProcessGetUpdates", "result":"Done", "context":{"dataType":"Preferences", "deleted":"0", "process_failed_to_decrypt":"0", "process_pending_decryption":"0", "process_success":"53", "total":"53"}}
{"logTime": "0316/173614", "correlationVector":"Ejc2hmOsm+04w0ctY3p45W.3","action":"ProcessGetUpdates", "result":"Done", "context":{"dataType":"Device Info", "deleted":"0", "process_failed_to_decrypt":"0", "process_pending_decryption":"0", "process_success":"1", "total":"1"}}
{"logTime": "0316/173614", "correlationVector":"Ejc2hmOsm+04w0ctY3p45W.4","action":"GetUpdates Response", "result":"Success", "context":Received 54 update(s). cV=Ejc2hmOsm+04w0ctY3p45W.0;server=akswtt005000034;cloudType=Consumer;environment=Prod_southeastasia_prod-s01-064-apac-southeastasia;migrationStage=NotStarted}
{"logTime": "0316/173614", "correlationVector":"SFPFZImXbDHK3X6nrxOZTZ","action":"Initial GetUpdates", "result":"", "context":Reason: NEW_CLIENT. cV=SFPFZImXbDHK3X6nrxOZTZ}
{"logTime": "0316/173614", "correlationVector":"SFPFZImXbDHK3X6nrxOZTZ.1","action":"SyncServerConnectionManagerRequest", "result":"SYNC_SERVER_OK", "context":{"environment":"Prod_southeastasia_prod-s01-064-apac-southeastasia", "migrationStage":"NotStarted", "server":"akswtt00500003n"}}
{"logTime": "0316/173614", "correlationVector":"SFPFZImXbDHK3X6nrxOZTZ.2","action":"ProcessGetUpdates", "result":"Done", "context":{"dataType":"Bookmarks", "deleted":"0", "process_failed_to_decrypt":"0", "process_pending_decryption":"0", "process_success":"5", "total":"5"}}
{"logTime": "0316/173614", "correlationVector":"SFPFZImXbDHK3X6nrxOZTZ.3","action":"GetUpdates Response", "result":"Success", "context":Received 5 update(s). cV=SFPFZImXbDHK3X6nrxOZTZ.0;server=akswtt00500003n;cloudType=Consumer;environment=Prod_southeastasia_prod-s01-064-apac-southeastasia;migrationStage=NotStarted}
{"logTime": "0316/173614", "correlationVector":"mbN1uaVpb5vbdwZmkDkH9f","action":"Initial GetUpdates", "result":"", "context":Reason: NEW_CLIENT. cV=mbN1uaVpb5vbdwZmkDkH9f}
{"logTime": "0316/173614", "correlationVector":"mbN1uaVpb5vbdwZmkDkH9f.1","action":"SyncServerConnectionManagerRequest", "result":"SYNC_SERVER_OK", "context":{"environment":"Prod_southeastasia_prod-s01-064-apac-southeastasia", "migrationStage":"NotStarted", "server":"akswtt00500002b"}}
{"logTime": "0316/173614", "correlationVector":"mbN1uaVpb5vbdwZmkDkH9f.2","action":"ProcessGetUpdates", "result":"Done", "context":{"dataType":"Sessions", "deleted":"0", "process_failed_to_decrypt":"0", "process_pending_decryption":"0", "process_success":"1", "total":"1"}}
{"logTime": "0316/173614", "correlationVector":"mbN1uaVpb5vbdwZmkDkH9f.3","action":"ProcessGetUpdates", "result":"Done", "context":{"dataType":"Edge Hub App Usage", "deleted":"0", "process_failed_to_decrypt":"0", "process_pending_decryption":"0", "process_success":"2", "total":"2"}}
{"logTime": "0316/173614", "correlationVector":"mbN1uaVpb5vbdwZmkDkH9f.4","action":"GetUpdates Response", "result":"Success", "context":Received 3 update(s). cV=mbN1uaVpb5vbdwZmkDkH9f.0;server=akswtt00500002b;cloudType=Consumer;environment=Prod_southeastasia_prod-s01-064-apac-southeastasia;migrationStage=NotStarted}
{"logTime": "0316/173614", "correlationVector":"GuY2lqKf1mungtp3hdoaaw","action":"Initial GetUpdates", "result":"", "context":Reason: NEW_CLIENT. cV=GuY2lqKf1mungtp3hdoaaw}
{"logTime": "0316/173614", "correlationVector":"GuY2lqKf1mungtp3hdoaaw.1","action":"SyncServerConnectionManagerRequest", "result":"SYNC_SERVER_OK", "context":{"environment":"Prod_southeastasia_prod-s01-064-apac-southeastasia", "migrationStage":"NotStarted", "server":"akswtt005000055"}}
{"logTime": "0316/173614", "correlationVector":"GuY2lqKf1mungtp3hdoaaw.2","action":"GetUpdates Response", "result":"Success", "context":Received 0 update(s). cV=GuY2lqKf1mungtp3hdoaaw.0;server=akswtt005000055;cloudType=Consumer;environment=Prod_southeastasia_prod-s01-064-apac-southeastasia;migrationStage=NotStarted}
{"logTime": "0316/173615", "correlationVector":"rr/2iAALy35abE41pGvmil","action":"SyncServerConnectionManagerRequest", "result":"SYNC_SERVER_OK", "context":{"environment":"", "migrationStage":"", "server":""}}
{"logTime": "0316/173615", "correlationVector":"rr/2iAALy35abE41pGvmil.0","action":"EncryptionKeysFetcher.DownloadKeys:", "result":"Success", "context":Key count: 5, Last key timestamp: 2024-09-30T17:06:12Z}
{"logTime": "0316/173615", "correlationVector":"rr/2iAALy35abE41pGvmil.1","action":"EncryptionKeysManager::SetEncryptionKeys:", "result":"Success", "context":Key names[5]:[K2S2yRfGml+IHaGu1pED4Uq9sdPF1SwguFVDt9WjjHVAEfbARuj48RypEUaRca72ww37mW8+ueIGxi1bCWufbQ==][qqTL6wX6HETwaBqwKllYyh2KKmCxPqCVy8F9Ownzpu+NXlkDfVyhHquA/CVY/NDCyPBpQE2U0t7vcPMVzCXo6g==][EWVH/LHXmO/7A0UkrDTKpkupK22itSYfRAZVs8bShyb3LZDd3h9fGX/e5tmEIXWaPI+eP06s4Etswad97Efb+A==][ZD/5163vWQBxX5zaT5UGyC02X2ddZRJV7jYIU8qGbcCf/dJuP+NTmjOULOSuCwGocr3fFtx9G6Kdaknz1BpsKw==][uNQkKtvs7NdAwA5xikG/uAIUIplUbDMg0nDcv/uHzQyOIxS0Wh6RkviSsm3tJqkgmQmMs6jgiiZU9OLt/+rmaw==]}
{"logTime": "0316/173615", "correlationVector":"rr/2iAALy35abE41pGvmil.2","action":"EncryptionKeysManager::SetEncryptionKeysWithTimestamps:", "result":"Success", "context":Key timestamps[5]:[2022-09-22T05:38:08Z][2023-04-01T06:21:11Z][2023-10-03T14:31:12Z][2024-04-02T05:59:55Z][2024-09-30T17:06:12Z]}
{"logTime": "0316/173615", "correlationVector":"5Xa3BgLrgpARvblEi/KAMg","action":"Initial GetUpdates", "result":"", "context":Reason: NEWLY_SUPPORTED_DATATYPE. cV=5Xa3BgLrgpARvblEi/KAMg}
{"logTime": "0316/173615", "correlationVector":"5Xa3BgLrgpARvblEi/KAMg.1","action":"SyncServerConnectionManagerRequest", "result":"SYNC_SERVER_OK", "context":{"environment":"Prod_southeastasia_prod-s01-064-apac-southeastasia", "migrationStage":"NotStarted", "server":"akswtt00500004y"}}
{"logTime": "0316/173615", "correlationVector":"5Xa3BgLrgpARvblEi/KAMg.2","action":"GetUpdates Response", "result":"Success", "context":Received 0 update(s). cV=5Xa3BgLrgpARvblEi/KAMg.0;server=akswtt00500004y;cloudType=Consumer;environment=Prod_southeastasia_prod-s01-064-apac-southeastasia;migrationStage=NotStarted}
{"logTime": "0316/173615", "correlationVector":"bof5gTaakXczKElM1hH5ZC","action":"Initial GetUpdates", "result":"", "context":Reason: NEWLY_SUPPORTED_DATATYPE. cV=bof5gTaakXczKElM1hH5ZC}
{"logTime": "0316/173615", "correlationVector":"bof5gTaakXczKElM1hH5ZC.1","action":"SyncServerConnectionManagerRequest", "result":"SYNC_SERVER_OK", "context":{"environment":"Prod_southeastasia_prod-s01-064-apac-southeastasia", "migrationStage":"NotStarted", "server":"akswtt005000055"}}
{"logTime": "0316/173615", "correlationVector":"bof5gTaakXczKElM1hH5ZC.2","action":"ProcessGetUpdates", "result":"Done", "context":{"dataType":"Autofill Profiles", "deleted":"0", "process_failed_to_decrypt":"0", "process_pending_decryption":"0", "process_success":"1", "total":"1"}}
{"logTime": "0316/173615", "correlationVector":"bof5gTaakXczKElM1hH5ZC.3","action":"ProcessGetUpdates", "result":"Done", "context":{"dataType":"Autofill", "deleted":"0", "process_failed_to_decrypt":"0", "process_pending_decryption":"0", "process_success":"3", "total":"3"}}
{"logTime": "0316/173615", "correlationVector":"bof5gTaakXczKElM1hH5ZC.4","action":"GetUpdates Response", "result":"Success", "context":Received 4 update(s). cV=bof5gTaakXczKElM1hH5ZC.0;server=akswtt005000055;cloudType=Consumer;environment=Prod_southeastasia_prod-s01-064-apac-southeastasia;migrationStage=NotStarted}
{"logTime": "0316/173615", "correlationVector":"MtaBbJyEZMAvJRg2J0Jy7h","action":"Normal GetUpdate request", "result":"", "context":cV=MtaBbJyEZMAvJRg2J0Jy7h
Nudged types: Sessions, Device Info, User Consents, History
Refresh requested types: Bookmarks, Preferences, Passwords, Autofill Profiles, Autofill, Extensions, Sessions, Extension settings, History Delete Directives, Device Info, User Consents, Send Tab To Self, Web Apps, History, Collection, Edge E Drop, Edge Hub App Usage, Edge Tab Group, Edge Wallet, Encryption Keys}
{"logTime": "0316/173615", "correlationVector":"MtaBbJyEZMAvJRg2J0Jy7h.1","action":"SyncServerConnectionManagerRequest", "result":"SYNC_SERVER_OK", "context":{"environment":"Prod_southeastasia_prod-s01-064-apac-southeastasia", "migrationStage":"NotStarted", "server":"akswtt00500001r"}}
{"logTime": "0316/173615", "correlationVector":"MtaBbJyEZMAvJRg2J0Jy7h.2","action":"GetUpdates Response", "result":"Success", "context":Received 0 update(s). cV=MtaBbJyEZMAvJRg2J0Jy7h.0;server=akswtt00500001r;cloudType=Consumer;environment=Prod_southeastasia_prod-s01-064-apac-southeastasia;migrationStage=NotStarted}
{"logTime": "0316/173615", "correlationVector":"x+On+R3QpqBBAiL+sClAMR","action":"Commit Request", "result":"", "context":Item count: 5
Contributing types: Sessions, Device Info, User Consents, History}
{"logTime": "0316/173615", "correlationVector":"x+On+R3QpqBBAiL+sClAMR.1","action":"SyncServerConnectionManagerRequest", "result":"SYNC_SERVER_OK", "context":{"environment":"Prod_southeastasia_prod-s01-064-apac-southeastasia", "migrationStage":"NotStarted", "server":"akswtt00500004y"}}
{"logTime": "0316/173615", "correlationVector":"x+On+R3QpqBBAiL+sClAMR.2","action":"Commit Response", "result":"Success", "context":Result: Success. cV=x+On+R3QpqBBAiL+sClAMR.0;server=akswtt00500004y;cloudType=Consumer;environment=Prod_southeastasia_prod-s01-064-apac-southeastasia;migrationStage=NotStarted}
{"logTime": "0316/173616", "correlationVector":"OSzYXTltasRPf1mXKJfIrk","action":"Commit Request", "result":"", "context":Item count: 1
Contributing types: Sessions}
{"logTime": "0316/173616", "correlationVector":"OSzYXTltasRPf1mXKJfIrk.1","action":"SyncServerConnectionManagerRequest", "result":"SYNC_SERVER_OK", "context":{"environment":"Prod_southeastasia_prod-s01-064-apac-southeastasia", "migrationStage":"NotStarted", "server":"akswtt005000055"}}
{"logTime": "0316/173616", "correlationVector":"OSzYXTltasRPf1mXKJfIrk.2","action":"Commit Response", "result":"Success", "context":Result: Success. cV=OSzYXTltasRPf1mXKJfIrk.0;server=akswtt005000055;cloudType=Consumer;environment=Prod_southeastasia_prod-s01-064-apac-southeastasia;migrationStage=NotStarted}
{"logTime": "0316/173629", "correlationVector":"yyvICwMZGmPUuOpH5PvAvj","action":"Commit Request", "result":"", "context":Item count: 1
Contributing types: User Consents}
{"logTime": "0316/173629", "correlationVector":"yyvICwMZGmPUuOpH5PvAvj.1","action":"SyncServerConnectionManagerRequest", "result":"SYNC_SERVER_OK", "context":{"environment":"Prod_southeastasia_prod-s01-064-apac-southeastasia", "migrationStage":"NotStarted", "server":"akswtt005000056"}}
{"logTime": "0316/173629", "correlationVector":"yyvICwMZGmPUuOpH5PvAvj.2","action":"Commit Response", "result":"Success", "context":Result: Success. cV=yyvICwMZGmPUuOpH5PvAvj.0;server=akswtt005000056;cloudType=Consumer;environment=Prod_southeastasia_prod-s01-064-apac-southeastasia;migrationStage=NotStarted}
{"logTime": "0316/173639", "correlationVector":"O2LJZryU0O1U+e8mX8UGnS","action":"Commit Request", "result":"", "context":Item count: 2
Contributing types: Preferences, History}
{"logTime": "0316/173639", "correlationVector":"O2LJZryU0O1U+e8mX8UGnS.1","action":"SyncServerConnectionManagerRequest", "result":"SYNC_SERVER_OK", "context":{"environment":"Prod_southeastasia_prod-s01-064-apac-southeastasia", "migrationStage":"NotStarted", "server":"akswtt005000055"}}
{"logTime": "0316/173639", "correlationVector":"O2LJZryU0O1U+e8mX8UGnS.2","action":"Commit Response", "result":"Success", "context":Result: Success. cV=O2LJZryU0O1U+e8mX8UGnS.0;server=akswtt005000055;cloudType=Consumer;environment=Prod_southeastasia_prod-s01-064-apac-southeastasia;migrationStage=NotStarted}
